Performing C SOURCE FILE Test CMAKE_HAVE_LIBC_PTHREAD failed with the following output:
Change Dir: /home/chris/catkin_ws/build/CMakeFiles/CMakeTmp

Run Build Command(s):/usr/bin/make cmTC_4409f/fast && /usr/bin/make -f CMakeFiles/cmTC_4409f.dir/build.make CMakeFiles/cmTC_4409f.dir/build
make[1]: Entering directory '/home/chris/catkin_ws/build/CMakeFiles/CMakeTmp'
Building C object CMakeFiles/cmTC_4409f.dir/src.c.o
/usr/bin/cc   -DCMAKE_HAVE_LIBC_PTHREAD   -o CMakeFiles/cmTC_4409f.dir/src.c.o   -c /home/chris/catkin_ws/build/CMakeFiles/CMakeTmp/src.c
Linking C executable cmTC_4409f
/usr/bin/cmake -E cmake_link_script CMakeFiles/cmTC_4409f.dir/link.txt --verbose=1
/usr/bin/cc  -DCMAKE_HAVE_LIBC_PTHREAD    -rdynamic CMakeFiles/cmTC_4409f.dir/src.c.o  -o cmTC_4409f 
/usr/bin/ld: CMakeFiles/cmTC_4409f.dir/src.c.o: in function `main':
src.c:(.text+0x46): undefined reference to `pthread_create'
/usr/bin/ld: src.c:(.text+0x52): undefined reference to `pthread_detach'
/usr/bin/ld: src.c:(.text+0x63): undefined reference to `pthread_join'
collect2: error: ld returned 1 exit status
make[1]: *** [CMakeFiles/cmTC_4409f.dir/build.make:87: cmTC_4409f] Error 1
make[1]: Leaving directory '/home/chris/catkin_ws/build/CMakeFiles/CMakeTmp'
make: *** [Makefile:121: cmTC_4409f/fast] Error 2


Source file was:
#include <pthread.h>

void* test_func(void* data)
{
  return data;
}

int main(void)
{
  pthread_t thread;
  pthread_create(&thread, NULL, test_func, NULL);
  pthread_detach(thread);
  pthread_join(thread, NULL);
  pthread_atfork(NULL, NULL, NULL);
  pthread_exit(NULL);

  return 0;
}

Determining if the function pthread_create exists in the pthreads failed with the following output:
Change Dir: /home/chris/catkin_ws/build/CMakeFiles/CMakeTmp

Run Build Command(s):/usr/bin/make cmTC_f71b7/fast && /usr/bin/make -f CMakeFiles/cmTC_f71b7.dir/build.make CMakeFiles/cmTC_f71b7.dir/build
make[1]: Entering directory '/home/chris/catkin_ws/build/CMakeFiles/CMakeTmp'
Building C object CMakeFiles/cmTC_f71b7.dir/CheckFunctionExists.c.o
/usr/bin/cc   -DCHECK_FUNCTION_EXISTS=pthread_create   -o CMakeFiles/cmTC_f71b7.dir/CheckFunctionExists.c.o   -c /usr/share/cmake-3.16/Modules/CheckFunctionExists.c
Linking C executable cmTC_f71b7
/usr/bin/cmake -E cmake_link_script CMakeFiles/cmTC_f71b7.dir/link.txt --verbose=1
/usr/bin/cc  -DCHECK_FUNCTION_EXISTS=pthread_create    -rdynamic CMakeFiles/cmTC_f71b7.dir/CheckFunctionExists.c.o  -o cmTC_f71b7  -lpthreads 
/usr/bin/ld: cannot find -lpthreads
collect2: error: ld returned 1 exit status
make[1]: *** [CMakeFiles/cmTC_f71b7.dir/build.make:87: cmTC_f71b7] Error 1
make[1]: Leaving directory '/home/chris/catkin_ws/build/CMakeFiles/CMakeTmp'
make: *** [Makefile:121: cmTC_f71b7/fast] Error 2



Determining if the function sgemm_ exists failed with the following output:
Change Dir: /home/chris/catkin_ws/build/CMakeFiles/CMakeTmp

Run Build Command(s):/usr/bin/make cmTC_52e6e/fast && /usr/bin/make -f CMakeFiles/cmTC_52e6e.dir/build.make CMakeFiles/cmTC_52e6e.dir/build
make[1]: Entering directory '/home/chris/catkin_ws/build/CMakeFiles/CMakeTmp'
Building C object CMakeFiles/cmTC_52e6e.dir/CheckFunctionExists.c.o
/usr/bin/cc   -DCHECK_FUNCTION_EXISTS=sgemm_   -o CMakeFiles/cmTC_52e6e.dir/CheckFunctionExists.c.o   -c /usr/share/cmake-3.16/Modules/CheckFunctionExists.c
Linking C executable cmTC_52e6e
/usr/bin/cmake -E cmake_link_script CMakeFiles/cmTC_52e6e.dir/link.txt --verbose=1
/usr/bin/cc  -DCHECK_FUNCTION_EXISTS=sgemm_    -rdynamic CMakeFiles/cmTC_52e6e.dir/CheckFunctionExists.c.o  -o cmTC_52e6e 
/usr/bin/ld: CMakeFiles/cmTC_52e6e.dir/CheckFunctionExists.c.o: in function `main':
CheckFunctionExists.c:(.text+0x14): undefined reference to `sgemm_'
collect2: error: ld returned 1 exit status
make[1]: *** [CMakeFiles/cmTC_52e6e.dir/build.make:87: cmTC_52e6e] Error 1
make[1]: Leaving directory '/home/chris/catkin_ws/build/CMakeFiles/CMakeTmp'
make: *** [Makefile:121: cmTC_52e6e/fast] Error 2



Determining if the function cheev_ exists failed with the following output:
Change Dir: /home/chris/catkin_ws/build/CMakeFiles/CMakeTmp

Run Build Command(s):/usr/bin/make cmTC_e99a4/fast && /usr/bin/make -f CMakeFiles/cmTC_e99a4.dir/build.make CMakeFiles/cmTC_e99a4.dir/build
make[1]: Entering directory '/home/chris/catkin_ws/build/CMakeFiles/CMakeTmp'
Building C object CMakeFiles/cmTC_e99a4.dir/CheckFunctionExists.c.o
/usr/bin/cc   -DCHECK_FUNCTION_EXISTS=cheev_   -o CMakeFiles/cmTC_e99a4.dir/CheckFunctionExists.c.o   -c /usr/share/cmake-3.16/Modules/CheckFunctionExists.c
Linking C executable cmTC_e99a4
/usr/bin/cmake -E cmake_link_script CMakeFiles/cmTC_e99a4.dir/link.txt --verbose=1
/usr/bin/cc  -DCHECK_FUNCTION_EXISTS=cheev_    -rdynamic CMakeFiles/cmTC_e99a4.dir/CheckFunctionExists.c.o  -o cmTC_e99a4  /usr/lib/x86_64-linux-gnu/libblas.so 
/usr/bin/ld: CMakeFiles/cmTC_e99a4.dir/CheckFunctionExists.c.o: in function `main':
CheckFunctionExists.c:(.text+0x14): undefined reference to `cheev_'
collect2: error: ld returned 1 exit status
make[1]: *** [CMakeFiles/cmTC_e99a4.dir/build.make:88: cmTC_e99a4] Error 1
make[1]: Leaving directory '/home/chris/catkin_ws/build/CMakeFiles/CMakeTmp'
make: *** [Makefile:121: cmTC_e99a4/fast] Error 2



